<?xml version="1.0" encoding="UTF-8"?>
<!-- Generated by org.testng.reporters.JUnitReportReporter -->
<testsuite skipped="0" hostname="DESKTOP-IN9OGTJ" name="com.crm.contacttest.Sampletest" tests="1" failures="0" timestamp="2021-10-18T18:50:07 IST" time="0.015" errors="0">
  <testcase name="test" time="0.015" classname="com.crm.contacttest.Sampletest"/>
  <system-out/>
</testsuite> <!-- com.crm.contacttest.Sampletest -->
